[debug] > Exec(early(addDefaultCommands), None, None)
[debug] > Exec(addDefaultCommands, None, None)
[debug] > Exec(early(initialize), None, None)
[debug] > Exec(initialize, None, None)
[debug] > Exec(boot, None, None)
[debug] > Exec(writeSbtVersion, None, None)
[debug] > Exec(reload, None, None)
[debug] > Exec(sbtStashOnFailure, None, None)
[debug] > Exec(onFailure loadFailed, None, None)
[debug] > Exec(loadp, None, None)
[info] welcome to sbt 1.4.7 (Oracle Corporation Java 1.8.0_121)
[debug] Load.defaultLoad until apply took 956.264948ms
[debug]           Load.loadUnit: plugins took 247.547516ms
[debug]           Load.loadUnit: defsScala took 0.536438ms
[debug] [Loading] Scanning directory /home/mahmoud/app-development-sample/unitTestScala01/project
[debug]             Load.loadUnit: mkEval took 9.333291ms
[debug] [Loading] Found non-root projects 
[debug] [Loading] Done in /home/mahmoud/app-development-sample/unitTestScala01/project, returning: ()
[debug] deducing auto plugins based on known facts Set(Atom(sbt.plugins.CorePlugin)) and clauses Clauses(List(Clause(Atom(sbt.plugins.JvmPlugin),Set(Atom(sbt.plugins.IvyPlugin))), Clause(Atom(sbt.ScriptedPlugin),Set(Atom(sbt.plugins.JvmPlugin))), Clause(Atom(sbt.plugins.SbtPlugin),Set(Atom(sbt.ScriptedPlugin))), Clause(Atom(sbt.plugins.SemanticdbPlugin),Set(Atom(sbt.plugins.JvmPlugin))), Clause(Atom(sbt.plugins.JUnitXmlReportPlugin),Set(Atom(sbt.plugins.JvmPlugin))), Clause(Atom(sbt.plugins.MiniDependencyTreePlugin),Set(Atom(sbt.plugins.JvmPlugin))), Clause(Atom(sbt.plugins.CorePlugin),Set(Atom(sbt.plugins.IvyPlugin))), Clause(Atom(sbt.plugins.IvyPlugin),Set(Atom(sbt.plugins.JvmPlugin))), Clause(Atom(sbt.plugins.JvmPlugin),Set(Atom(sbt.plugins.SemanticdbPlugin))), Clause(Atom(sbt.plugins.JvmPlugin),Set(Atom(sbt.plugins.JUnitXmlReportPlugin))), Clause(Atom(sbt.plugins.CorePlugin),Set(Atom(sbt.plugins.Giter8TemplatePlugin))), Clause(Atom(sbt.plugins.JvmPlugin),Set(Atom(sbt.plugins.MiniDependencyTreePlugin)))))
[debug]   :: deduced result: Matched(sbt.plugins.CorePlugin,sbt.plugins.Giter8TemplatePlugin,sbt.plugins.IvyPlugin,sbt.plugins.JvmPlugin,sbt.plugins.MiniDependencyTreePlugin,sbt.plugins.JUnitXmlReportPlugin,sbt.plugins.SemanticdbPlugin)
[debug] Plugins.deducer#function took 27.829896 ms
[info] loading settings for project unittestscala01-build from plugins.sbt ...
[debug]               Load.resolveProject(unittestscala01-build) took 64.867632ms
[debug]             Load.loadTransitive: finalizeProject(Project(id unittestscala01-build, base: /home/mahmoud/app-development-sample/unitTestScala01/project, plugins: List(<none>))) took 126.510438ms
[debug] [Loading] Done in /home/mahmoud/app-development-sample/unitTestScala01/project, returning: (unittestscala01-build)
[debug]           Load.loadUnit: loadedProjectsRaw took 397.291167ms
[debug]           Load.loadUnit: cleanEvalClasses took 7.489877ms
[debug]         Load.loadUnit(file:/home/mahmoud/app-development-sample/unitTestScala01/project/, ...) took 661.437166ms
[debug]       Load.apply: load took 855.674425ms
[debug]       Load.apply: resolveProjects took 9.784648ms
[debug]       Load.apply: finalTransforms took 82.912504ms
[debug]       Load.apply: config.delegates took 11.580885ms
[debug]       Load.apply: Def.make(settings)... took 826.992373ms
[debug]       Load.apply: structureIndex took 155.116389ms
[debug]       Load.apply: mkStreams took 3.470571ms
[info] loading project definition from /home/mahmoud/app-development-sample/unitTestScala01/project
[debug] Running task... Cancel: Signal, check cycles: false, forcegc: true
[debug]     Load.loadUnit: plugins took 3499.452351ms
[debug]     Load.loadUnit: defsScala took 0.004443ms
[debug] [Loading] Scanning directory /home/mahmoud/app-development-sample/unitTestScala01
[debug]       Load.loadUnit: mkEval took 0.266818ms
[debug] [Loading] Found non-root projects 
[debug] [Loading] Done in /home/mahmoud/app-development-sample/unitTestScala01, returning: ()
[debug] deducing auto plugins based on known facts Set(Atom(sbt.plugins.CorePlugin)) and clauses Clauses(List(Clause(Atom(sbt.plugins.JvmPlugin),Set(Atom(sbt.plugins.IvyPlugin))), Clause(Atom(sbt.ScriptedPlugin),Set(Atom(sbt.plugins.JvmPlugin))), Clause(Atom(sbt.plugins.SbtPlugin),Set(Atom(sbt.ScriptedPlugin))), Clause(Atom(sbt.plugins.SemanticdbPlugin),Set(Atom(sbt.plugins.JvmPlugin))), Clause(Atom(sbt.plugins.JUnitXmlReportPlugin),Set(Atom(sbt.plugins.JvmPlugin))), Clause(Atom(sbt.plugins.MiniDependencyTreePlugin),Set(Atom(sbt.plugins.JvmPlugin))), Clause(Atom(sbtide.ConfigPlugin),Set(Atom(sbt.plugins.JvmPlugin))), Clause(Atom(sbtassembly.AssemblyPlugin),Set(Atom(sbt.plugins.JvmPlugin))), Clause(Atom(sbt.plugins.CorePlugin),Set(Atom(sbt.plugins.IvyPlugin))), Clause(Atom(sbt.plugins.IvyPlugin),Set(Atom(sbt.plugins.JvmPlugin))), Clause(Atom(sbt.plugins.JvmPlugin),Set(Atom(sbt.plugins.SemanticdbPlugin))), Clause(Atom(sbt.plugins.JvmPlugin),Set(Atom(sbt.plugins.JUnitXmlReportPlugin))), Clause(Atom(sbt.plugins.CorePlugin),Set(Atom(sbt.plugins.Giter8TemplatePlugin))), Clause(Atom(sbt.plugins.JvmPlugin),Set(Atom(sbt.plugins.MiniDependencyTreePlugin))), Clause(Atom(sbt.plugins.JvmPlugin),Set(Atom(sbtassembly.AssemblyPlugin)))))
[debug]   :: deduced result: Matched(sbt.plugins.CorePlugin,sbt.plugins.Giter8TemplatePlugin,sbt.plugins.IvyPlugin,sbt.plugins.JvmPlugin,sbtassembly.AssemblyPlugin,sbt.plugins.MiniDependencyTreePlugin,sbt.plugins.JUnitXmlReportPlugin,sbt.plugins.SemanticdbPlugin)
[debug] Plugins.deducer#function took 3.399854 ms
[info] loading settings for project unittestscala01 from build.sbt ...
[debug]         Load.resolveProject(unittestscala01) took 38.531499ms
[debug]       Load.loadTransitive: finalizeProject(Project(id unittestscala01, base: /home/mahmoud/app-development-sample/unitTestScala01, plugins: List(<none>))) took 42.590898ms
[debug] [Loading] Done in /home/mahmoud/app-development-sample/unitTestScala01, returning: (unittestscala01)
[debug]     Load.loadUnit: loadedProjectsRaw took 2779.080751ms
[debug]     Load.loadUnit: cleanEvalClasses took 2.245633ms
[debug]   Load.loadUnit(file:/home/mahmoud/app-development-sample/unitTestScala01/, ...) took 6282.386096ms
[debug] Load.apply: load took 6311.397819ms
[debug] Load.apply: resolveProjects took 0.121688ms
[debug] Load.apply: finalTransforms took 17.056085ms
[debug] Load.apply: config.delegates took 0.424826ms
[debug] Load.apply: Def.make(settings)... took 118.681043ms
[debug] Load.apply: structureIndex took 38.641158ms
[debug] Load.apply: mkStreams took 0.002609ms
[info] set current project to unitTestScala01 (in build file:/home/mahmoud/app-development-sample/unitTestScala01/)
[warn] there's a key that's not used by any other settings/tasks:
[warn]  
[warn] * unittestscala01 / idePackagePrefix
[warn]   +- /home/mahmoud/app-development-sample/unitTestScala01/build.sbt:7
[warn]  
[warn] note: a setting might still be used by a command; to exclude a key from this `lintUnused` check
[warn] either append it to `Global / excludeLintKeys` or call .withRank(KeyRanks.Invisible) on the key
[debug] > Exec(sbtPopOnFailure, None, None)
[debug] > Exec(resumeFromFailure, None, None)
[debug] > Exec(notifyUsersAboutShell, None, None)
[debug] > Exec(iflast shell, None, None)
[debug] > Exec(shell, None, None)
[info] sbt server started at local:///home/mahmoud/.sbt/1.0/server/30df05a400e6c3309e01/sock
[info] started sbt server
