[debug] > Exec(early(addDefaultCommands), None, None)
[debug] > Exec(addDefaultCommands, None, None)
[debug] > Exec(early(initialize), None, None)
[debug] > Exec(initialize, None, None)
[debug] > Exec(boot, None, None)
[debug] > Exec(writeSbtVersion, None, None)
[debug] > Exec(reload, None, None)
[debug] > Exec(sbtStashOnFailure, None, None)
[debug] > Exec(onFailure loadFailed, None, None)
[debug] > Exec(loadp, None, None)
[info] welcome to sbt 1.4.7 (Oracle Corporation Java 1.8.0_121)
[debug] Load.defaultLoad until apply took 1039.3813ms
[debug]           Load.loadUnit: plugins took 398.646494ms
[debug]           Load.loadUnit: defsScala took 0.51038ms
[debug] [Loading] Scanning directory /home/mahmoud/app-development-sample/unitTestScala01/project
[debug]             Load.loadUnit: mkEval took 11.348845ms
[debug] [Loading] Found non-root projects 
[debug] [Loading] Done in /home/mahmoud/app-development-sample/unitTestScala01/project, returning: ()
[debug] deducing auto plugins based on known facts Set(Atom(sbt.plugins.CorePlugin)) and clauses Clauses(List(Clause(Atom(sbt.plugins.JvmPlugin),Set(Atom(sbt.plugins.IvyPlugin))), Clause(Atom(sbt.ScriptedPlugin),Set(Atom(sbt.plugins.JvmPlugin))), Clause(Atom(sbt.plugins.SbtPlugin),Set(Atom(sbt.ScriptedPlugin))), Clause(Atom(sbt.plugins.SemanticdbPlugin),Set(Atom(sbt.plugins.JvmPlugin))), Clause(Atom(sbt.plugins.JUnitXmlReportPlugin),Set(Atom(sbt.plugins.JvmPlugin))), Clause(Atom(sbt.plugins.MiniDependencyTreePlugin),Set(Atom(sbt.plugins.JvmPlugin))), Clause(Atom(sbt.plugins.CorePlugin),Set(Atom(sbt.plugins.IvyPlugin))), Clause(Atom(sbt.plugins.IvyPlugin),Set(Atom(sbt.plugins.JvmPlugin))), Clause(Atom(sbt.plugins.JvmPlugin),Set(Atom(sbt.plugins.SemanticdbPlugin))), Clause(Atom(sbt.plugins.JvmPlugin),Set(Atom(sbt.plugins.JUnitXmlReportPlugin))), Clause(Atom(sbt.plugins.CorePlugin),Set(Atom(sbt.plugins.Giter8TemplatePlugin))), Clause(Atom(sbt.plugins.JvmPlugin),Set(Atom(sbt.plugins.MiniDependencyTreePlugin)))))
[debug]   :: deduced result: Matched(sbt.plugins.CorePlugin,sbt.plugins.Giter8TemplatePlugin,sbt.plugins.IvyPlugin,sbt.plugins.JvmPlugin,sbt.plugins.MiniDependencyTreePlugin,sbt.plugins.JUnitXmlReportPlugin,sbt.plugins.SemanticdbPlugin)
[debug] Plugins.deducer#function took 43.433199 ms
[info] loading settings for project unittestscala01-build from plugins.sbt ...
[debug]               Load.resolveProject(unittestscala01-build) took 73.243084ms
[debug]             Load.loadTransitive: finalizeProject(Project(id unittestscala01-build, base: /home/mahmoud/app-development-sample/unitTestScala01/project, plugins: List(<none>))) took 154.941105ms
[debug] [Loading] Done in /home/mahmoud/app-development-sample/unitTestScala01/project, returning: (unittestscala01-build)
[debug]           Load.loadUnit: loadedProjectsRaw took 501.394708ms
[debug]           Load.loadUnit: cleanEvalClasses took 7.86105ms
[debug]         Load.loadUnit(file:/home/mahmoud/app-development-sample/unitTestScala01/project/, ...) took 915.817721ms
[debug]       Load.apply: load took 1103.613954ms
[debug]       Load.apply: resolveProjects took 9.302121ms
[debug]       Load.apply: finalTransforms took 82.241201ms
[debug]       Load.apply: config.delegates took 11.683494ms
[debug]       Load.apply: Def.make(settings)... took 772.397431ms
[debug]       Load.apply: structureIndex took 146.766598ms
[debug]       Load.apply: mkStreams took 2.849061ms
[info] loading project definition from /home/mahmoud/app-development-sample/unitTestScala01/project
[debug] Running task... Cancel: Signal, check cycles: false, forcegc: true
