[debug] > Exec(early(addDefaultCommands), None, None)
[debug] > Exec(addDefaultCommands, None, None)
[debug] > Exec(early(initialize), None, None)
[debug] > Exec(initialize, None, None)
[debug] > Exec(boot, None, None)
[debug] > Exec(writeSbtVersion, None, None)
[debug] > Exec(reload, None, None)
[debug] > Exec(sbtStashOnFailure, None, None)
[debug] > Exec(onFailure loadFailed, None, None)
[debug] > Exec(loadp, None, None)
[info] welcome to sbt 1.4.7 (Oracle Corporation Java 1.8.0_121)
[debug] Load.defaultLoad until apply took 1209.698859ms
[debug]           Load.loadUnit: plugins took 348.974857ms
[debug]           Load.loadUnit: defsScala took 1.235113ms
[debug] [Loading] Scanning directory /home/mahmoud/app-development-sample/unitTestScala01/project
[debug]             Load.loadUnit: mkEval took 9.157811ms
[debug] [Loading] Found non-root projects 
[debug] [Loading] Done in /home/mahmoud/app-development-sample/unitTestScala01/project, returning: ()
[debug] deducing auto plugins based on known facts Set(Atom(sbt.plugins.CorePlugin)) and clauses Clauses(List(Clause(Atom(sbt.plugins.JvmPlugin),Set(Atom(sbt.plugins.IvyPlugin))), Clause(Atom(sbt.ScriptedPlugin),Set(Atom(sbt.plugins.JvmPlugin))), Clause(Atom(sbt.plugins.SbtPlugin),Set(Atom(sbt.ScriptedPlugin))), Clause(Atom(sbt.plugins.SemanticdbPlugin),Set(Atom(sbt.plugins.JvmPlugin))), Clause(Atom(sbt.plugins.JUnitXmlReportPlugin),Set(Atom(sbt.plugins.JvmPlugin))), Clause(Atom(sbt.plugins.MiniDependencyTreePlugin),Set(Atom(sbt.plugins.JvmPlugin))), Clause(Atom(sbt.plugins.CorePlugin),Set(Atom(sbt.plugins.IvyPlugin))), Clause(Atom(sbt.plugins.IvyPlugin),Set(Atom(sbt.plugins.JvmPlugin))), Clause(Atom(sbt.plugins.JvmPlugin),Set(Atom(sbt.plugins.SemanticdbPlugin))), Clause(Atom(sbt.plugins.JvmPlugin),Set(Atom(sbt.plugins.JUnitXmlReportPlugin))), Clause(Atom(sbt.plugins.CorePlugin),Set(Atom(sbt.plugins.Giter8TemplatePlugin))), Clause(Atom(sbt.plugins.JvmPlugin),Set(Atom(sbt.plugins.MiniDependencyTreePlugin)))))
[debug]   :: deduced result: Matched(sbt.plugins.CorePlugin,sbt.plugins.Giter8TemplatePlugin,sbt.plugins.IvyPlugin,sbt.plugins.JvmPlugin,sbt.plugins.MiniDependencyTreePlugin,sbt.plugins.JUnitXmlReportPlugin,sbt.plugins.SemanticdbPlugin)
[debug] Plugins.deducer#function took 23.567043 ms
[info] loading settings for project unittestscala01-build from plugins.sbt ...
[debug]               Load.resolveProject(unittestscala01-build) took 59.407612ms
[debug]             Load.loadTransitive: finalizeProject(Project(id unittestscala01-build, base: /home/mahmoud/app-development-sample/unitTestScala01/project, plugins: List(<none>))) took 93.825392ms
[debug] [Loading] Done in /home/mahmoud/app-development-sample/unitTestScala01/project, returning: (unittestscala01-build)
[debug]           Load.loadUnit: loadedProjectsRaw took 2794.719859ms
[debug]           Load.loadUnit: cleanEvalClasses took 6.266972ms
[debug]         Load.loadUnit(file:/home/mahmoud/app-development-sample/unitTestScala01/project/, ...) took 3158.481193ms
[debug]       Load.apply: load took 3579.910518ms
[debug]       Load.apply: resolveProjects took 6.125703ms
[debug]       Load.apply: finalTransforms took 73.591425ms
[debug]       Load.apply: config.delegates took 7.895439ms
[debug]       Load.apply: Def.make(settings)... took 530.085222ms
[debug]       Load.apply: structureIndex took 127.925099ms
[debug]       Load.apply: mkStreams took 1.939318ms
[info] loading project definition from /home/mahmoud/app-development-sample/unitTestScala01/project
[debug] Running task... Cancel: Signal, check cycles: false, forcegc: true
[debug]     Load.loadUnit: plugins took 6634.875803ms
[debug]     Load.loadUnit: defsScala took 0.003269ms
[debug] [Loading] Scanning directory /home/mahmoud/app-development-sample/unitTestScala01
[debug]       Load.loadUnit: mkEval took 0.196389ms
[debug] [Loading] Found non-root projects 
[debug] [Loading] Done in /home/mahmoud/app-development-sample/unitTestScala01, returning: ()
[debug] deducing auto plugins based on known facts Set(Atom(sbt.plugins.CorePlugin)) and clauses Clauses(List(Clause(Atom(sbt.plugins.JvmPlugin),Set(Atom(sbt.plugins.IvyPlugin))), Clause(Atom(sbt.ScriptedPlugin),Set(Atom(sbt.plugins.JvmPlugin))), Clause(Atom(sbt.plugins.SbtPlugin),Set(Atom(sbt.ScriptedPlugin))), Clause(Atom(sbt.plugins.SemanticdbPlugin),Set(Atom(sbt.plugins.JvmPlugin))), Clause(Atom(sbt.plugins.JUnitXmlReportPlugin),Set(Atom(sbt.plugins.JvmPlugin))), Clause(Atom(sbt.plugins.MiniDependencyTreePlugin),Set(Atom(sbt.plugins.JvmPlugin))), Clause(Atom(sbtide.ConfigPlugin),Set(Atom(sbt.plugins.JvmPlugin))), Clause(Atom(sbt.plugins.CorePlugin),Set(Atom(sbt.plugins.IvyPlugin))), Clause(Atom(sbt.plugins.IvyPlugin),Set(Atom(sbt.plugins.JvmPlugin))), Clause(Atom(sbt.plugins.JvmPlugin),Set(Atom(sbt.plugins.SemanticdbPlugin))), Clause(Atom(sbt.plugins.JvmPlugin),Set(Atom(sbt.plugins.JUnitXmlReportPlugin))), Clause(Atom(sbt.plugins.CorePlugin),Set(Atom(sbt.plugins.Giter8TemplatePlugin))), Clause(Atom(sbt.plugins.JvmPlugin),Set(Atom(sbt.plugins.MiniDependencyTreePlugin)))))
[debug]   :: deduced result: Matched(sbt.plugins.CorePlugin,sbt.plugins.Giter8TemplatePlugin,sbt.plugins.IvyPlugin,sbt.plugins.JvmPlugin,sbt.plugins.MiniDependencyTreePlugin,sbt.plugins.JUnitXmlReportPlugin,sbt.plugins.SemanticdbPlugin)
[debug] Plugins.deducer#function took 1.718717 ms
[info] loading settings for project unittestscala01 from build.sbt ...
[debug]         Load.resolveProject(unittestscala01) took 1.288214ms
[debug]       Load.loadTransitive: finalizeProject(Project(id unittestscala01, base: /home/mahmoud/app-development-sample/unitTestScala01, plugins: List(<none>))) took 3.425286ms
[debug] [Loading] Done in /home/mahmoud/app-development-sample/unitTestScala01, returning: (unittestscala01)
[debug]     Load.loadUnit: loadedProjectsRaw took 2669.026332ms
[debug]     Load.loadUnit: cleanEvalClasses took 1.229517ms
[debug]   Load.loadUnit(file:/home/mahmoud/app-development-sample/unitTestScala01/, ...) took 9306.420928ms
[debug] Load.apply: load took 9370.549523ms
[debug] Load.apply: resolveProjects took 0.09271ms
[debug] Load.apply: finalTransforms took 8.514733ms
[debug] Load.apply: config.delegates took 0.487379ms
[debug] Load.apply: Def.make(settings)... took 109.830618ms
[debug] Load.apply: structureIndex took 31.882797ms
[debug] Load.apply: mkStreams took 0.002445ms
[info] set current project to unitTestScala01 (in build file:/home/mahmoud/app-development-sample/unitTestScala01/)
[warn] there's a key that's not used by any other settings/tasks:
[warn]  
[warn] * unittestscala01 / idePackagePrefix
[warn]   +- /home/mahmoud/app-development-sample/unitTestScala01/build.sbt:7
[warn]  
[warn] note: a setting might still be used by a command; to exclude a key from this `lintUnused` check
[warn] either append it to `Global / excludeLintKeys` or call .withRank(KeyRanks.Invisible) on the key
[debug] > Exec(sbtPopOnFailure, None, None)
[debug] > Exec(resumeFromFailure, None, None)
[debug] > Exec(notifyUsersAboutShell, None, None)
[debug] > Exec(iflast shell, None, None)
[debug] > Exec(shell, None, None)
[info] sbt server started at local:///home/mahmoud/.sbt/1.0/server/30df05a400e6c3309e01/sock
[info] started sbt server
